[debug] [2022-10-20T20:03:16.246Z] ----------------------------------------------------------------------
[debug] [2022-10-20T20:03:16.248Z] Command:       C:\Program Files\nodejs\node.exe C:\Users\ybati\AppData\Roaming\npm\node_modules\firebase-tools\lib\bin\firebase.js init
[debug] [2022-10-20T20:03:16.249Z] CLI Version:   11.14.3
[debug] [2022-10-20T20:03:16.249Z] Platform:      win32
[debug] [2022-10-20T20:03:16.249Z] Node Version:  v16.16.0
[debug] [2022-10-20T20:03:16.259Z] Time:          Thu Oct 20 2022 17:03:16 GMT-0300 (Horário Padrão de Brasília)
[debug] [2022-10-20T20:03:16.260Z] ----------------------------------------------------------------------
[debug] 
[debug] [2022-10-20T20:03:16.338Z] > command requires scopes: ["email","openid","https://www.googleapis.com/auth/cloudplatformprojects.readonly","https://www.googleapis.com/auth/firebase","https://www.googleapis.com/auth/cloud-platform"]
[debug] [2022-10-20T20:03:16.339Z] > authorizing via signed-in user (bsouza.yan@gmail.com)
[info] 
     ######## #### ########  ######## ########     ###     ######  ########
     ##        ##  ##     ## ##       ##     ##  ##   ##  ##       ##
     ######    ##  ########  ######   ########  #########  ######  ######
     ##        ##  ##    ##  ##       ##     ## ##     ##       ## ##
     ##       #### ##     ## ######## ########  ##     ##  ######  ########

You're about to initialize a Firebase project in this directory:

  E:\Estudo\Testes Automatizados\Trabalhos\trabalho_final

Before we get started, keep in mind:

  * You are initializing within an existing Firebase project directory

[info] 
=== Project Setup
[info] 
[info] First, let's associate this project directory with a Firebase project.
[info] You can create multiple project aliases by running firebase use --add, 
[info] but for now we'll just set up a default project.
[info] 
[debug] [2022-10-20T20:03:28.907Z] Using project from CLI flag: usercrudrtl
[debug] [2022-10-20T20:03:28.911Z] > refreshing access token with scopes: []
[debug] [2022-10-20T20:03:28.913Z] >>> [apiv2][query] POST https://www.googleapis.com/oauth2/v3/token [none]
[debug] [2022-10-20T20:03:28.913Z] >>> [apiv2][body] POST https://www.googleapis.com/oauth2/v3/token [omitted]
[debug] [2022-10-20T20:03:29.187Z] <<< [apiv2][status] POST https://www.googleapis.com/oauth2/v3/token 200
[debug] [2022-10-20T20:03:29.187Z] <<< [apiv2][body] POST https://www.googleapis.com/oauth2/v3/token [omitted]
[debug] [2022-10-20T20:03:29.203Z] >>> [apiv2][query] GET https://firebase.googleapis.com/v1beta1/projects/usercrudrtl [none]
[debug] [2022-10-20T20:03:29.634Z] <<< [apiv2][status] GET https://firebase.googleapis.com/v1beta1/projects/usercrudrtl 200
[debug] [2022-10-20T20:03:29.634Z] <<< [apiv2][body] GET https://firebase.googleapis.com/v1beta1/projects/usercrudrtl {"projectId":"usercrudrtl","projectNumber":"772002343469","displayName":"UserCrudRTL","name":"projects/usercrudrtl","resources":{"hostingSite":"usercrudrtl","storageBucket":"usercrudrtl.appspot.com","locationId":"southamerica-east1"},"state":"ACTIVE","etag":"1_d5ea1450-3780-4db3-9851-b366e54821cb"}
[info] i  Using project usercrudrtl (UserCrudRTL) 
[info] 
=== Hosting:github Setup
[info] 
[info] i  Detected a .git folder at E:\Estudo\Testes Automatizados\Trabalhos\trabalho_final 
[info] i  Authorizing with GitHub to upload your service account to a GitHub repository's secrets store. 
[info] 
[info] Visit this URL on this device to log in:
[info] https://github.com/login/oauth/authorize?client_id=89cf50f02ac6aaed3484&state=1014081988&redirect_uri=http%3A%2F%2Flocalhost%3A9005&scope=read%3Auser%20repo%20public_repo
[info] 
[info] Waiting for authentication...
[debug] [2022-10-20T20:03:30.555Z] >>> [apiv2][query] POST https://github.com/login/oauth/access_token [none]
[debug] [2022-10-20T20:03:30.555Z] >>> [apiv2][body] POST https://github.com/login/oauth/access_token [stream]
[debug] [2022-10-20T20:03:30.901Z] <<< [apiv2][status] POST https://github.com/login/oauth/access_token 200
[debug] [2022-10-20T20:03:30.901Z] <<< [apiv2][body] POST https://github.com/login/oauth/access_token {"access_token":"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","token_type":"bearer","scope":"read:user,repo"}
[debug] [2022-10-20T20:03:30.918Z] >>> [apiv2][query] GET https://api.github.com/user [none]
[debug] [2022-10-20T20:03:31.219Z] <<< [apiv2][status] GET https://api.github.com/user 200
[debug] [2022-10-20T20:03:31.220Z] <<< [apiv2][body] GET https://api.github.com/user {"login":"yan-batista","id":19232585,"node_id":"MDQ6VXNlcjE5MjMyNTg1","avatar_url":"https://avatars.githubusercontent.com/u/19232585?v=4","gravatar_id":"","url":"https://api.github.com/users/yan-batista","html_url":"https://github.com/yan-batista","followers_url":"https://api.github.com/users/yan-batista/followers","following_url":"https://api.github.com/users/yan-batista/following{/other_user}","gists_url":"https://api.github.com/users/yan-batista/gists{/gist_id}","starred_url":"https://api.github.com/users/yan-batista/starred{/owner}{/repo}","subscriptions_url":"https://api.github.com/users/yan-batista/subscriptions","organizations_url":"https://api.github.com/users/yan-batista/orgs","repos_url":"https://api.github.com/users/yan-batista/repos","events_url":"https://api.github.com/users/yan-batista/events{/privacy}","received_events_url":"https://api.github.com/users/yan-batista/received_events","type":"User","site_admin":false,"name":"Yan Batista","company":null,"blog":"https://www.linkedin.com/in/yanbatista","location":"Brazil","email":"ybatistasouza@hotmail.com","hireable":null,"bio":"Information Systems student at Instituto Federal Fluminense - IFF","twitter_username":null,"public_repos":11,"public_gists":0,"followers":1,"following":3,"created_at":"2016-05-07T00:34:26Z","updated_at":"2022-09-23T22:10:54Z","private_gists":0,"total_private_repos":4,"owned_private_repos":4,"disk_usage":20448,"collaborators":2,"two_factor_authentication":false,"plan":{"name":"free","space":976562499,"collaborators":0,"private_repos":10000}}
[info] 
[info] +  Success! Logged into GitHub as yan-batista 
[info] 
[debug] [2022-10-20T20:03:47.075Z] >>> [apiv2][query] GET https://api.github.com/repos/yanbatista/clientecrud-rtl/actions/secrets/public-key type=owner
[debug] [2022-10-20T20:03:47.322Z] <<< [apiv2][status] GET https://api.github.com/repos/yanbatista/clientecrud-rtl/actions/secrets/public-key 404
[debug] [2022-10-20T20:03:47.322Z] <<< [apiv2][body] GET https://api.github.com/repos/yanbatista/clientecrud-rtl/actions/secrets/public-key {"message":"Not Found","documentation_url":"https://docs.github.com/rest/reference/actions#get-a-repository-public-key"}
[debug] [2022-10-20T20:03:52.111Z] >>> [apiv2][query] GET https://api.github.com/repos/yanbatista/clientecrud-rtl/actions/secrets/public-key type=owner
[debug] [2022-10-20T20:03:52.346Z] <<< [apiv2][status] GET https://api.github.com/repos/yanbatista/clientecrud-rtl/actions/secrets/public-key 404
[debug] [2022-10-20T20:03:52.347Z] <<< [apiv2][body] GET https://api.github.com/repos/yanbatista/clientecrud-rtl/actions/secrets/public-key {"message":"Not Found","documentation_url":"https://docs.github.com/rest/reference/actions#get-a-repository-public-key"}
[debug] [2022-10-20T20:03:52.918Z] >>> [apiv2][query] GET https://api.github.com/repos/yanbatista/clientecrud-rtl/actions/secrets/public-key type=owner
[debug] [2022-10-20T20:03:53.151Z] <<< [apiv2][status] GET https://api.github.com/repos/yanbatista/clientecrud-rtl/actions/secrets/public-key 404
[debug] [2022-10-20T20:03:53.152Z] <<< [apiv2][body] GET https://api.github.com/repos/yanbatista/clientecrud-rtl/actions/secrets/public-key {"message":"Not Found","documentation_url":"https://docs.github.com/rest/reference/actions#get-a-repository-public-key"}
[debug] [2022-10-20T20:03:53.589Z] >>> [apiv2][query] GET https://api.github.com/repos/yanbatista/clientecrud-rtl/actions/secrets/public-key type=owner
[debug] [2022-10-20T20:03:53.826Z] <<< [apiv2][status] GET https://api.github.com/repos/yanbatista/clientecrud-rtl/actions/secrets/public-key 404
[debug] [2022-10-20T20:03:53.827Z] <<< [apiv2][body] GET https://api.github.com/repos/yanbatista/clientecrud-rtl/actions/secrets/public-key {"message":"Not Found","documentation_url":"https://docs.github.com/rest/reference/actions#get-a-repository-public-key"}
